Using pre-set license
Built from '2020.3/staging' branch; Version is '2020.3.25f1 (9b9180224418) revision 10195328'; Using compiler version '192528614'; Build Type 'Release'
OS: 'Windows 10  (10.0.19042) 64bit Core' Language: 'es' Physical Memory: 16331 MB
BatchMode: 1, IsHumanControllingUs: 0, StartBugReporterOnCrash: 0, Is64bit: 1, IsPro: 0

COMMAND LINE ARGUMENTS:
C:\Program Files\Unity\Hub\Editor\2020.3.25f1\Editor\Unity.exe
-adb2
-batchMode
-noUpm
-name
AssetImportWorker0
-projectPath
C:/Users/Maria/Desktop/unity/AsteroidsMariaRodriguez
-logFile
Logs/AssetImportWorker0.log
-srvPort
63562
Successfully changed project path to: C:/Users/Maria/Desktop/unity/AsteroidsMariaRodriguez
C:/Users/Maria/Desktop/unity/AsteroidsMariaRodriguez
Using Asset Import Pipeline V2.
Refreshing native plugins compatible for Editor in 32.82 ms, found 2 plugins.
Preloading 0 native plugins for Editor in 0.00 ms.
Initialize engine version: 2020.3.25f1 (9b9180224418)
[Subsystems] Discovering subsystems at path C:/Program Files/Unity/Hub/Editor/2020.3.25f1/Editor/Data/Resources/UnitySubsystems
[Subsystems] Discovering subsystems at path C:/Users/Maria/Desktop/unity/AsteroidsMariaRodriguez/Assets
GfxDevice: creating device client; threaded=0
Direct3D:
    Version:  Direct3D 11.0 [level 11.1]
    Renderer: NVIDIA GeForce GTX 980 Ti (ID=0x17c8)
    Vendor:   
    VRAM:     6097 MB
    Driver:   27.21.14.5671
Initialize mono
Mono path[0] = 'C:/Program Files/Unity/Hub/Editor/2020.3.25f1/Editor/Data/Managed'
Mono path[1] = 'C:/Program Files/Unity/Hub/Editor/2020.3.25f1/Editor/Data/MonoBleedingEdge/lib/mono/unityjit'
Mono config path = 'C:/Program Files/Unity/Hub/Editor/2020.3.25f1/Editor/Data/MonoBleedingEdge/etc'
Using monoOptions --debugger-agent=transport=dt_socket,embedding=1,server=y,suspend=n,address=127.0.0.1:56708
Begin MonoManager ReloadAssembly
Registering precompiled unity dll's ...
Register platform support module: C:/Program Files/Unity/Hub/Editor/2020.3.25f1/Editor/Data/PlaybackEngines/WindowsStandaloneSupport/UnityEditor.WindowsStandalone.Extensions.dll
Registered in 0.001758 seconds.
Native extension for WindowsStandalone target not found
Refreshing native plugins compatible for Editor in 27.49 ms, found 2 plugins.
Preloading 0 native plugins for Editor in 0.00 ms.
Mono: successfully reloaded assembly
- Completed reload, in  0.559 seconds
Domain Reload Profiling:
	ReloadAssembly (560ms)
		BeginReloadAssembly (55ms)
			ExecutionOrderSort (0ms)
			DisableScriptedObjects (0ms)
			BackupInstance (0ms)
			ReleaseScriptingObjects (0ms)
			CreateAndSetChildDomain (1ms)
		EndReloadAssembly (436ms)
			LoadAssemblies (53ms)
			RebuildTransferFunctionScriptingTraits (0ms)
			SetupTypeCache (149ms)
			ReleaseScriptCaches (0ms)
			RebuildScriptCaches (29ms)
			SetupLoadedEditorAssemblies (151ms)
				LogAssemblyErrors (0ms)
				InitializePlatformSupportModulesInManaged (4ms)
				SetLoadedEditorAssemblies (0ms)
				RefreshPlugins (28ms)
				BeforeProcessingInitializeOnLoad (15ms)
				ProcessInitializeOnLoadAttributes (78ms)
				ProcessInitializeOnLoadMethodAttributes (25ms)
				AfterProcessingInitializeOnLoad (0ms)
				EditorAssembliesLoaded (0ms)
			ExecutionOrderSort2 (0ms)
			AwakeInstancesAfterBackupRestoration (0ms)
Platform modules already initialized, skipping
Registering precompiled user dll's ...
Registered in 0.003740 seconds.
Begin MonoManager ReloadAssembly
Native extension for WindowsStandalone target not found
Refreshing native plugins compatible for Editor in 0.38 ms, found 2 plugins.
Preloading 0 native plugins for Editor in 0.00 ms.
Mono: successfully reloaded assembly
- Completed reload, in  0.948 seconds
Domain Reload Profiling:
	ReloadAssembly (949ms)
		BeginReloadAssembly (135ms)
			ExecutionOrderSort (0ms)
			DisableScriptedObjects (4ms)
			BackupInstance (0ms)
			ReleaseScriptingObjects (0ms)
			CreateAndSetChildDomain (20ms)
		EndReloadAssembly (757ms)
			LoadAssemblies (77ms)
			RebuildTransferFunctionScriptingTraits (0ms)
			SetupTypeCache (258ms)
			ReleaseScriptCaches (0ms)
			RebuildScriptCaches (44ms)
			SetupLoadedEditorAssemblies (292ms)
				LogAssemblyErrors (0ms)
				InitializePlatformSupportModulesInManaged (4ms)
				SetLoadedEditorAssemblies (1ms)
				RefreshPlugins (0ms)
				BeforeProcessingInitializeOnLoad (75ms)
				ProcessInitializeOnLoadAttributes (191ms)
				ProcessInitializeOnLoadMethodAttributes (15ms)
				AfterProcessingInitializeOnLoad (6ms)
				EditorAssembliesLoaded (0ms)
			ExecutionOrderSort2 (0ms)
			AwakeInstancesAfterBackupRestoration (6ms)
Platform modules already initialized, skipping
========================================================================
Worker process is ready to serve import requests
Launched and connected shader compiler UnityShaderCompiler.exe after 0.06 seconds
Refreshing native plugins compatible for Editor in 0.35 ms, found 2 plugins.
Preloading 0 native plugins for Editor in 0.00 ms.
Unloading 1587 Unused Serialized files (Serialized files now loaded: 0)
System memory in use before: 71.3 MB.
System memory in use after: 71.3 MB.

Unloading 23 unused Assets to reduce memory usage. Loaded Objects now: 2023.
Total: 2.945700 ms (FindLiveObjects: 0.154500 ms CreateObjectMapping: 0.102200 ms MarkObjects: 2.609400 ms  DeleteObjects: 0.079000 ms)

AssetImportParameters requested are different than current active one (requested -> active):
  custom:framework-win-MediaFoundation: 216162199b28c13a410421893ffa2e32 -> 
  custom:video-decoder-ogg-theora: a1e56fd34408186e4bbccfd4996cb3dc -> 
  custom:container-muxer-webm: aa71ff27fc2769a1b78a27578f13a17b -> 
  custom:container-demuxer-webm: 4f35f7cbe854078d1ac9338744f61a02 -> 
  custom:container-demuxer-ogg: 62fdf1f143b41e24485cea50d1cbac27 -> 
  custom:video-encoder-webm-vp8: eb34c28f22e8b96e1ab97ce403110664 -> 
  custom:video-decoder-webm-vp8: 9c59270c3fd7afecdb556c50c9e8de78 -> 
  custom:audio-decoder-ogg-vorbis: bf7c407c2cedff20999df2af8eb42d56 -> 
  custom:audio-encoder-webm-vorbis: bf7c407c2cedff20999df2af8eb42d56 -> 
========================================================================
Received Import Request.
  path: Assets/Configurations/PlayerConfiguration.asset
  artifactKey: Guid(f2a4a9b161171604b9c3d1be40c90e95) Importer(815301076,1909f56bfc062723c751e8b465ee728b)
Start importing Assets/Configurations/PlayerConfiguration.asset using Guid(f2a4a9b161171604b9c3d1be40c90e95) Importer(815301076,1909f56bfc062723c751e8b465ee728b)  -> (artifact id: 'ec13cd94ca15991e8bf035eceecce1fd') in 0.035244 seconds 
  Import took 0.038440 seconds .

========================================================================
Received Import Request.
  Time since last request: 0.000301 seconds.
  path: Assets/Configurations/AsteroidsConfiguration.asset
  artifactKey: Guid(b012fb7a09f1e0b4586d1b7a77a63f13) Importer(815301076,1909f56bfc062723c751e8b465ee728b)
Start importing Assets/Configurations/AsteroidsConfiguration.asset using Guid(b012fb7a09f1e0b4586d1b7a77a63f13) Importer(815301076,1909f56bfc062723c751e8b465ee728b)  -> (artifact id: 'f4ed755539dba64e6dcca27d67dfd648') in 0.011524 seconds 
  Import took 0.014328 seconds .

========================================================================
Received Import Request.
  Time since last request: 387.163370 seconds.
  path: Assets/Prefabs/Player.prefab
  artifactKey: Guid(e0fe3efbda5d7b2418cf70e1560fb01b) Importer(815301076,1909f56bfc062723c751e8b465ee728b)
Start importing Assets/Prefabs/Player.prefab using Guid(e0fe3efbda5d7b2418cf70e1560fb01b) Importer(815301076,1909f56bfc062723c751e8b465ee728b)  -> (artifact id: 'e545f00faf30113a9d44e15f127b3526') in 0.074522 seconds 
  Import took 0.079205 seconds .

========================================================================
Received Import Request.
  Time since last request: 13.304723 seconds.
  path: Assets/Prefabs/Bullet.prefab
  artifactKey: Guid(b4d354c9717a8814d80acab8bdbd2671) Importer(815301076,1909f56bfc062723c751e8b465ee728b)
Start importing Assets/Prefabs/Bullet.prefab using Guid(b4d354c9717a8814d80acab8bdbd2671) Importer(815301076,1909f56bfc062723c751e8b465ee728b)  -> (artifact id: '3d11a4f536a24f66b82f1851f89740d6') in 0.016522 seconds 
  Import took 0.019891 seconds .

========================================================================
Received Prepare
Registering precompiled user dll's ...
Registered in 0.003868 seconds.
Begin MonoManager ReloadAssembly
Native extension for WindowsStandalone target not found
Refreshing native plugins compatible for Editor in 0.35 ms, found 2 plugins.
Preloading 0 native plugins for Editor in 0.00 ms.
Mono: successfully reloaded assembly
- Completed reload, in  1.003 seconds
Domain Reload Profiling:
	ReloadAssembly (1003ms)
		BeginReloadAssembly (119ms)
			ExecutionOrderSort (0ms)
			DisableScriptedObjects (6ms)
			BackupInstance (0ms)
			ReleaseScriptingObjects (0ms)
			CreateAndSetChildDomain (36ms)
		EndReloadAssembly (821ms)
			LoadAssemblies (85ms)
			RebuildTransferFunctionScriptingTraits (0ms)
			SetupTypeCache (316ms)
			ReleaseScriptCaches (1ms)
			RebuildScriptCaches (47ms)
			SetupLoadedEditorAssemblies (288ms)
				LogAssemblyErrors (0ms)
				InitializePlatformSupportModulesInManaged (4ms)
				SetLoadedEditorAssemblies (0ms)
				RefreshPlugins (0ms)
				BeforeProcessingInitializeOnLoad (78ms)
				ProcessInitializeOnLoadAttributes (184ms)
				ProcessInitializeOnLoadMethodAttributes (14ms)
				AfterProcessingInitializeOnLoad (7ms)
				EditorAssembliesLoaded (0ms)
			ExecutionOrderSort2 (0ms)
			AwakeInstancesAfterBackupRestoration (7ms)
Platform modules already initialized, skipping
Refreshing native plugins compatible for Editor in 0.36 ms, found 2 plugins.
Preloading 0 native plugins for Editor in 0.00 ms.
Unloading 1582 Unused Serialized files (Serialized files now loaded: 0)
System memory in use before: 74.3 MB.
System memory in use after: 74.4 MB.

Unloading 14 unused Assets to reduce memory usage. Loaded Objects now: 2032.
Total: 2.705000 ms (FindLiveObjects: 0.141600 ms CreateObjectMapping: 0.089200 ms MarkObjects: 2.428100 ms  DeleteObjects: 0.045300 ms)

AssetImportParameters requested are different than current active one (requested -> active):
  custom:framework-win-MediaFoundation: 216162199b28c13a410421893ffa2e32 -> 
  custom:video-decoder-ogg-theora: a1e56fd34408186e4bbccfd4996cb3dc -> 
  custom:container-muxer-webm: aa71ff27fc2769a1b78a27578f13a17b -> 
  custom:container-demuxer-webm: 4f35f7cbe854078d1ac9338744f61a02 -> 
  custom:container-demuxer-ogg: 62fdf1f143b41e24485cea50d1cbac27 -> 
  custom:video-encoder-webm-vp8: eb34c28f22e8b96e1ab97ce403110664 -> 
  custom:video-decoder-webm-vp8: 9c59270c3fd7afecdb556c50c9e8de78 -> 
  custom:audio-decoder-ogg-vorbis: bf7c407c2cedff20999df2af8eb42d56 -> 
  custom:audio-encoder-webm-vorbis: bf7c407c2cedff20999df2af8eb42d56 -> 
========================================================================
Received Prepare
Registering precompiled user dll's ...
Registered in 0.004015 seconds.
Begin MonoManager ReloadAssembly
Native extension for WindowsStandalone target not found
Refreshing native plugins compatible for Editor in 0.35 ms, found 2 plugins.
Preloading 0 native plugins for Editor in 0.00 ms.
Mono: successfully reloaded assembly
- Completed reload, in  0.997 seconds
Domain Reload Profiling:
	ReloadAssembly (997ms)
		BeginReloadAssembly (168ms)
			ExecutionOrderSort (0ms)
			DisableScriptedObjects (6ms)
			BackupInstance (0ms)
			ReleaseScriptingObjects (0ms)
			CreateAndSetChildDomain (66ms)
		EndReloadAssembly (763ms)
			LoadAssemblies (96ms)
			RebuildTransferFunctionScriptingTraits (0ms)
			SetupTypeCache (262ms)
			ReleaseScriptCaches (2ms)
			RebuildScriptCaches (46ms)
			SetupLoadedEditorAssemblies (274ms)
				LogAssemblyErrors (0ms)
				InitializePlatformSupportModulesInManaged (4ms)
				SetLoadedEditorAssemblies (0ms)
				RefreshPlugins (0ms)
				BeforeProcessingInitializeOnLoad (73ms)
				ProcessInitializeOnLoadAttributes (178ms)
				ProcessInitializeOnLoadMethodAttributes (11ms)
				AfterProcessingInitializeOnLoad (6ms)
				EditorAssembliesLoaded (0ms)
			ExecutionOrderSort2 (0ms)
			AwakeInstancesAfterBackupRestoration (6ms)
Platform modules already initialized, skipping
Refreshing native plugins compatible for Editor in 0.36 ms, found 2 plugins.
Preloading 0 native plugins for Editor in 0.00 ms.
Unloading 1582 Unused Serialized files (Serialized files now loaded: 0)
System memory in use before: 74.4 MB.
System memory in use after: 74.5 MB.

Unloading 14 unused Assets to reduce memory usage. Loaded Objects now: 2034.
Total: 3.451200 ms (FindLiveObjects: 0.168300 ms CreateObjectMapping: 0.092500 ms MarkObjects: 3.161500 ms  DeleteObjects: 0.028100 ms)

AssetImportParameters requested are different than current active one (requested -> active):
  custom:framework-win-MediaFoundation: 216162199b28c13a410421893ffa2e32 -> 
  custom:video-decoder-ogg-theora: a1e56fd34408186e4bbccfd4996cb3dc -> 
  custom:container-muxer-webm: aa71ff27fc2769a1b78a27578f13a17b -> 
  custom:container-demuxer-webm: 4f35f7cbe854078d1ac9338744f61a02 -> 
  custom:container-demuxer-ogg: 62fdf1f143b41e24485cea50d1cbac27 -> 
  custom:video-encoder-webm-vp8: eb34c28f22e8b96e1ab97ce403110664 -> 
  custom:video-decoder-webm-vp8: 9c59270c3fd7afecdb556c50c9e8de78 -> 
  custom:audio-decoder-ogg-vorbis: bf7c407c2cedff20999df2af8eb42d56 -> 
  custom:audio-encoder-webm-vorbis: bf7c407c2cedff20999df2af8eb42d56 -> 
========================================================================
Received Prepare
Registering precompiled user dll's ...
Registered in 0.005333 seconds.
Begin MonoManager ReloadAssembly
Native extension for WindowsStandalone target not found
Refreshing native plugins compatible for Editor in 0.35 ms, found 2 plugins.
Preloading 0 native plugins for Editor in 0.00 ms.
Mono: successfully reloaded assembly
- Completed reload, in  0.953 seconds
Domain Reload Profiling:
	ReloadAssembly (954ms)
		BeginReloadAssembly (118ms)
			ExecutionOrderSort (0ms)
			DisableScriptedObjects (9ms)
			BackupInstance (0ms)
			ReleaseScriptingObjects (0ms)
			CreateAndSetChildDomain (33ms)
		EndReloadAssembly (776ms)
			LoadAssemblies (80ms)
			RebuildTransferFunctionScriptingTraits (0ms)
			SetupTypeCache (280ms)
			ReleaseScriptCaches (1ms)
			RebuildScriptCaches (48ms)
			SetupLoadedEditorAssemblies (281ms)
				LogAssemblyErrors (0ms)
				InitializePlatformSupportModulesInManaged (4ms)
				SetLoadedEditorAssemblies (0ms)
				RefreshPlugins (0ms)
				BeforeProcessingInitializeOnLoad (75ms)
				ProcessInitializeOnLoadAttributes (183ms)
				ProcessInitializeOnLoadMethodAttributes (12ms)
				AfterProcessingInitializeOnLoad (6ms)
				EditorAssembliesLoaded (0ms)
			ExecutionOrderSort2 (0ms)
			AwakeInstancesAfterBackupRestoration (6ms)
Platform modules already initialized, skipping
Refreshing native plugins compatible for Editor in 0.36 ms, found 2 plugins.
Preloading 0 native plugins for Editor in 0.00 ms.
Unloading 1582 Unused Serialized files (Serialized files now loaded: 0)
System memory in use before: 74.4 MB.
System memory in use after: 74.5 MB.

Unloading 14 unused Assets to reduce memory usage. Loaded Objects now: 2036.
Total: 3.175900 ms (FindLiveObjects: 0.177300 ms CreateObjectMapping: 0.097400 ms MarkObjects: 2.869800 ms  DeleteObjects: 0.030600 ms)

AssetImportParameters requested are different than current active one (requested -> active):
  custom:framework-win-MediaFoundation: 216162199b28c13a410421893ffa2e32 -> 
  custom:video-decoder-ogg-theora: a1e56fd34408186e4bbccfd4996cb3dc -> 
  custom:container-muxer-webm: aa71ff27fc2769a1b78a27578f13a17b -> 
  custom:container-demuxer-webm: 4f35f7cbe854078d1ac9338744f61a02 -> 
  custom:container-demuxer-ogg: 62fdf1f143b41e24485cea50d1cbac27 -> 
  custom:video-encoder-webm-vp8: eb34c28f22e8b96e1ab97ce403110664 -> 
  custom:video-decoder-webm-vp8: 9c59270c3fd7afecdb556c50c9e8de78 -> 
  custom:audio-decoder-ogg-vorbis: bf7c407c2cedff20999df2af8eb42d56 -> 
  custom:audio-encoder-webm-vorbis: bf7c407c2cedff20999df2af8eb42d56 -> 
========================================================================
Received Import Request.
  Time since last request: 1298.732726 seconds.
  path: Assets/Code/Managers/AsteroidsManager.cs
  artifactKey: Guid(ba282001f287e0647bc1f4dc029bc8ad) Importer(815301076,1909f56bfc062723c751e8b465ee728b)
Start importing Assets/Code/Managers/AsteroidsManager.cs using Guid(ba282001f287e0647bc1f4dc029bc8ad) Importer(815301076,1909f56bfc062723c751e8b465ee728b)  -> (artifact id: 'f92b88614f9ecd4acdbeee26c7dffdab') in 0.012931 seconds 
  Import took 0.015756 seconds .

========================================================================
Received Import Request.
  Time since last request: 3.837974 seconds.
  path: Assets/Code/Managers/GameManager.cs
  artifactKey: Guid(d3dc35feee3da6046acfef549427f15c) Importer(815301076,1909f56bfc062723c751e8b465ee728b)
Start importing Assets/Code/Managers/GameManager.cs using Guid(d3dc35feee3da6046acfef549427f15c) Importer(815301076,1909f56bfc062723c751e8b465ee728b)  -> (artifact id: '97ebca1e088ba9e5c610148da3e9a02c') in 0.008457 seconds 
  Import took 0.011920 seconds .

========================================================================
Received Import Request.
  Time since last request: 153.038945 seconds.
  path: Assets/Code/Configurations/PlayerConfiguration.cs
  artifactKey: Guid(5885b8f91268a7e4d81c70af60eab5c9) Importer(815301076,1909f56bfc062723c751e8b465ee728b)
Start importing Assets/Code/Configurations/PlayerConfiguration.cs using Guid(5885b8f91268a7e4d81c70af60eab5c9) Importer(815301076,1909f56bfc062723c751e8b465ee728b)  -> (artifact id: '6115d83d2a4d28c02903768998db6823') in 0.003992 seconds 
  Import took 0.006912 seconds .

========================================================================
Received Import Request.
  Time since last request: 10.736427 seconds.
  path: Assets/Code/Configurations/UiConfiguration.cs
  artifactKey: Guid(4250b79b2e59e8342aa19db758b99eea) Importer(815301076,1909f56bfc062723c751e8b465ee728b)
Start importing Assets/Code/Configurations/UiConfiguration.cs using Guid(4250b79b2e59e8342aa19db758b99eea) Importer(815301076,1909f56bfc062723c751e8b465ee728b)  -> (artifact id: 'effe2e98cf1d794ea60e18ecd175b545') in 0.007983 seconds 
  Import took 0.011588 seconds .

========================================================================
Received Prepare
Registering precompiled user dll's ...
Registered in 0.003616 seconds.
Begin MonoManager ReloadAssembly
Native extension for WindowsStandalone target not found
Refreshing native plugins compatible for Editor in 0.41 ms, found 2 plugins.
Preloading 0 native plugins for Editor in 0.00 ms.
Mono: successfully reloaded assembly
- Completed reload, in  1.021 seconds
Domain Reload Profiling:
	ReloadAssembly (1022ms)
		BeginReloadAssembly (122ms)
			ExecutionOrderSort (0ms)
			DisableScriptedObjects (7ms)
			BackupInstance (0ms)
			ReleaseScriptingObjects (0ms)
			CreateAndSetChildDomain (33ms)
		EndReloadAssembly (831ms)
			LoadAssemblies (90ms)
			RebuildTransferFunctionScriptingTraits (0ms)
			SetupTypeCache (279ms)
			ReleaseScriptCaches (1ms)
			RebuildScriptCaches (45ms)
			SetupLoadedEditorAssemblies (301ms)
				LogAssemblyErrors (0ms)
				InitializePlatformSupportModulesInManaged (5ms)
				SetLoadedEditorAssemblies (0ms)
				RefreshPlugins (0ms)
				BeforeProcessingInitializeOnLoad (77ms)
				ProcessInitializeOnLoadAttributes (193ms)
				ProcessInitializeOnLoadMethodAttributes (17ms)
				AfterProcessingInitializeOnLoad (9ms)
				EditorAssembliesLoaded (0ms)
			ExecutionOrderSort2 (0ms)
			AwakeInstancesAfterBackupRestoration (26ms)
Platform modules already initialized, skipping
Refreshing native plugins compatible for Editor in 0.35 ms, found 2 plugins.
Preloading 0 native plugins for Editor in 0.00 ms.
Unloading 1583 Unused Serialized files (Serialized files now loaded: 0)
System memory in use before: 74.4 MB.
System memory in use after: 74.5 MB.

Unloading 14 unused Assets to reduce memory usage. Loaded Objects now: 2039.
Total: 2.716300 ms (FindLiveObjects: 0.156800 ms CreateObjectMapping: 0.098600 ms MarkObjects: 2.444100 ms  DeleteObjects: 0.016000 ms)

AssetImportParameters requested are different than current active one (requested -> active):
  custom:framework-win-MediaFoundation: 216162199b28c13a410421893ffa2e32 -> 
  custom:video-decoder-ogg-theora: a1e56fd34408186e4bbccfd4996cb3dc -> 
  custom:container-muxer-webm: aa71ff27fc2769a1b78a27578f13a17b -> 
  custom:container-demuxer-webm: 4f35f7cbe854078d1ac9338744f61a02 -> 
  custom:container-demuxer-ogg: 62fdf1f143b41e24485cea50d1cbac27 -> 
  custom:video-encoder-webm-vp8: eb34c28f22e8b96e1ab97ce403110664 -> 
  custom:video-decoder-webm-vp8: 9c59270c3fd7afecdb556c50c9e8de78 -> 
  custom:audio-decoder-ogg-vorbis: bf7c407c2cedff20999df2af8eb42d56 -> 
  custom:audio-encoder-webm-vorbis: bf7c407c2cedff20999df2af8eb42d56 -> 
========================================================================
Received Import Request.
  Time since last request: 344.191666 seconds.
  path: Assets/Code/Managers/General.cs
  artifactKey: Guid(adf1867ceb87d4c42a24cad332bc11d5) Importer(815301076,1909f56bfc062723c751e8b465ee728b)
Start importing Assets/Code/Managers/General.cs using Guid(adf1867ceb87d4c42a24cad332bc11d5) Importer(815301076,1909f56bfc062723c751e8b465ee728b)  -> (artifact id: 'd2f6739a66f1c70b04ee82ad93058987') in 0.012205 seconds 
  Import took 0.015686 seconds .

========================================================================
Received Import Request.
  Time since last request: 21.702417 seconds.
  path: Assets/Code/Configurations/GameConfiguration.cs
  artifactKey: Guid(07d66a27549a9c2469b4b4ddcda83d5d) Importer(815301076,1909f56bfc062723c751e8b465ee728b)
Start importing Assets/Code/Configurations/GameConfiguration.cs using Guid(07d66a27549a9c2469b4b4ddcda83d5d) Importer(815301076,1909f56bfc062723c751e8b465ee728b)  -> (artifact id: '1b5c06f7f38f83e1012d420cb2028bfe') in 0.008195 seconds 
  Import took 0.011292 seconds .

========================================================================
Received Import Request.
  Time since last request: 403.321305 seconds.
  path: Assets/Code/Configurations/GameConfiguration.cs
  artifactKey: Guid(07d66a27549a9c2469b4b4ddcda83d5d) Importer(815301076,1909f56bfc062723c751e8b465ee728b)
Start importing Assets/Code/Configurations/GameConfiguration.cs using Guid(07d66a27549a9c2469b4b4ddcda83d5d) Importer(815301076,1909f56bfc062723c751e8b465ee728b)  -> (artifact id: '9d911daf162d4e74e1cf2e55afdc8ccc') in 0.002623 seconds 
  Import took 0.006655 seconds .

========================================================================
Received Import Request.
  Time since last request: 7.758661 seconds.
  path: Assets/Code/Managers/General.cs
  artifactKey: Guid(adf1867ceb87d4c42a24cad332bc11d5) Importer(815301076,1909f56bfc062723c751e8b465ee728b)
Start importing Assets/Code/Managers/General.cs using Guid(adf1867ceb87d4c42a24cad332bc11d5) Importer(815301076,1909f56bfc062723c751e8b465ee728b)  -> (artifact id: 'ef77472738695fc1e9ad3c78dea922b3') in 0.003909 seconds 
  Import took 0.007106 seconds .

========================================================================
Received Import Request.
  Time since last request: 40.021183 seconds.
  path: Assets/Code/Managers/General.cs
  artifactKey: Guid(adf1867ceb87d4c42a24cad332bc11d5) Importer(815301076,1909f56bfc062723c751e8b465ee728b)
Start importing Assets/Code/Managers/General.cs using Guid(adf1867ceb87d4c42a24cad332bc11d5) Importer(815301076,1909f56bfc062723c751e8b465ee728b)  -> (artifact id: 'de30ec1a1e598ece0efdb24942ecac2a') in 0.005004 seconds 
  Import took 0.008582 seconds .

========================================================================
Received Import Request.
  Time since last request: 2.030845 seconds.
  path: Assets/Code/Configurations/GameConfiguration.cs
  artifactKey: Guid(07d66a27549a9c2469b4b4ddcda83d5d) Importer(815301076,1909f56bfc062723c751e8b465ee728b)
Start importing Assets/Code/Configurations/GameConfiguration.cs using Guid(07d66a27549a9c2469b4b4ddcda83d5d) Importer(815301076,1909f56bfc062723c751e8b465ee728b)  -> (artifact id: '5e6393ec10c8c19e1338bacc19f431a2') in 0.003722 seconds 
  Import took 0.006892 seconds .

========================================================================
Received Import Request.
  Time since last request: 246.644220 seconds.
  path: Assets/Code/Managers/UIManager.cs
  artifactKey: Guid(49f047807ef02564faef618df5676111) Importer(815301076,1909f56bfc062723c751e8b465ee728b)
Start importing Assets/Code/Managers/UIManager.cs using Guid(49f047807ef02564faef618df5676111) Importer(815301076,1909f56bfc062723c751e8b465ee728b)  -> (artifact id: 'b140e60f59bd6faa5f0043a8f9c0b2f0') in 0.010607 seconds 
  Import took 0.015079 seconds .

========================================================================
Received Prepare
Registering precompiled user dll's ...
Registered in 0.005658 seconds.
Begin MonoManager ReloadAssembly
Native extension for WindowsStandalone target not found
Refreshing native plugins compatible for Editor in 0.37 ms, found 2 plugins.
Preloading 0 native plugins for Editor in 0.00 ms.
Mono: successfully reloaded assembly
- Completed reload, in  0.993 seconds
Domain Reload Profiling:
	ReloadAssembly (993ms)
		BeginReloadAssembly (154ms)
			ExecutionOrderSort (0ms)
			DisableScriptedObjects (6ms)
			BackupInstance (0ms)
			ReleaseScriptingObjects (0ms)
			CreateAndSetChildDomain (64ms)
		EndReloadAssembly (779ms)
			LoadAssemblies (82ms)
			RebuildTransferFunctionScriptingTraits (0ms)
			SetupTypeCache (260ms)
			ReleaseScriptCaches (1ms)
			RebuildScriptCaches (49ms)
			SetupLoadedEditorAssemblies (294ms)
				LogAssemblyErrors (0ms)
				InitializePlatformSupportModulesInManaged (4ms)
				SetLoadedEditorAssemblies (0ms)
				RefreshPlugins (0ms)
				BeforeProcessingInitializeOnLoad (80ms)
				ProcessInitializeOnLoadAttributes (191ms)
				ProcessInitializeOnLoadMethodAttributes (12ms)
				AfterProcessingInitializeOnLoad (6ms)
				EditorAssembliesLoaded (0ms)
			ExecutionOrderSort2 (0ms)
			AwakeInstancesAfterBackupRestoration (7ms)
Platform modules already initialized, skipping
Refreshing native plugins compatible for Editor in 0.36 ms, found 2 plugins.
Preloading 0 native plugins for Editor in 0.00 ms.
Unloading 1583 Unused Serialized files (Serialized files now loaded: 0)
System memory in use before: 74.4 MB.
System memory in use after: 74.5 MB.

Unloading 14 unused Assets to reduce memory usage. Loaded Objects now: 2041.
Total: 2.861600 ms (FindLiveObjects: 0.155300 ms CreateObjectMapping: 0.094000 ms MarkObjects: 2.557400 ms  DeleteObjects: 0.054200 ms)

AssetImportParameters requested are different than current active one (requested -> active):
  custom:framework-win-MediaFoundation: 216162199b28c13a410421893ffa2e32 -> 
  custom:video-decoder-ogg-theora: a1e56fd34408186e4bbccfd4996cb3dc -> 
  custom:container-muxer-webm: aa71ff27fc2769a1b78a27578f13a17b -> 
  custom:container-demuxer-webm: 4f35f7cbe854078d1ac9338744f61a02 -> 
  custom:container-demuxer-ogg: 62fdf1f143b41e24485cea50d1cbac27 -> 
  custom:video-encoder-webm-vp8: eb34c28f22e8b96e1ab97ce403110664 -> 
  custom:video-decoder-webm-vp8: 9c59270c3fd7afecdb556c50c9e8de78 -> 
  custom:audio-decoder-ogg-vorbis: bf7c407c2cedff20999df2af8eb42d56 -> 
  custom:audio-encoder-webm-vorbis: bf7c407c2cedff20999df2af8eb42d56 -> 
========================================================================
Received Import Request.
  Time since last request: 28.882285 seconds.
  path: Assets/Configurations/UiConfiguration.asset
  artifactKey: Guid(0a09cfeed24965044b412293bca80e4d) Importer(815301076,1909f56bfc062723c751e8b465ee728b)
Start importing Assets/Configurations/UiConfiguration.asset using Guid(0a09cfeed24965044b412293bca80e4d) Importer(815301076,1909f56bfc062723c751e8b465ee728b)  -> (artifact id: '748bd86bd9badd54d8d91aadb89dccd0') in 0.014427 seconds 
  Import took 0.018749 seconds .

========================================================================
Received Import Request.
  Time since last request: 9.836199 seconds.
  path: Assets/Configurations/AsteroidsConfiguration.asset
  artifactKey: Guid(b012fb7a09f1e0b4586d1b7a77a63f13) Importer(815301076,1909f56bfc062723c751e8b465ee728b)
Start importing Assets/Configurations/AsteroidsConfiguration.asset using Guid(b012fb7a09f1e0b4586d1b7a77a63f13) Importer(815301076,1909f56bfc062723c751e8b465ee728b)  -> (artifact id: 'cbe5cdcd23de15decdb7d0a920b06042') in 0.006458 seconds 
  Import took 0.009108 seconds .

AssetImportWorkerClient::OnTransportError - code=2 error=End of file
